[INFO] Scanning for projects...
[INFO] 
[INFO] -------------------< uk.ac.ncl.client:CCCRestClient >-------------------
[INFO] Building CCCRestClient 1
[INFO] --------------------------------[ jar ]---------------------------------
[INFO] 
[INFO] --- maven-clean-plugin:2.5:clean (default-clean) @ CCCRestClient ---
[INFO] Deleting /Users/alpac/DEV/conch/CCCRestClient/target
[INFO] 
[INFO] --- maven-resources-plugin:2.6:resources (default-resources) @ CCCRestClient ---
[WARNING] Using platform encoding (UTF-8 actually) to copy filtered resources, i.e. build is platform dependent!
[INFO] skip non existing resourceDirectory /Users/alpac/DEV/conch/CCCRestClient/src/main/resources
[INFO] 
[INFO] --- maven-compiler-plugin:3.1:compile (default-compile) @ CCCRestClient ---
[INFO] Changes detected - recompiling the module!
[WARNING] File encoding has not been set, using platform encoding UTF-8, i.e. build is platform dependent!
[INFO] Compiling 4 source files to /Users/alpac/DEV/conch/CCCRestClient/target/classes
[WARNING] /Users/alpac/DEV/conch/CCCRestClient/src/main/java/uk/ac/ncl/client/RESTClient.java: /Users/alpac/DEV/conch/CCCRestClient/src/main/java/uk/ac/ncl/client/RESTClient.java uses or overrides a deprecated API.
[WARNING] /Users/alpac/DEV/conch/CCCRestClient/src/main/java/uk/ac/ncl/client/RESTClient.java: Recompile with -Xlint:deprecation for details.
[WARNING] /Users/alpac/DEV/conch/CCCRestClient/src/main/java/uk/ac/ncl/client/RESTClient.java: /Users/alpac/DEV/conch/CCCRestClient/src/main/java/uk/ac/ncl/client/RESTClient.java uses unchecked or unsafe operations.
[WARNING] /Users/alpac/DEV/conch/CCCRestClient/src/main/java/uk/ac/ncl/client/RESTClient.java: Recompile with -Xlint:unchecked for details.
[INFO] 
[INFO] --- maven-resources-plugin:2.6:testResources (default-testResources) @ CCCRestClient ---
[WARNING] Using platform encoding (UTF-8 actually) to copy filtered resources, i.e. build is platform dependent!
[INFO] skip non existing resourceDirectory /Users/alpac/DEV/conch/CCCRestClient/src/test/resources
[INFO] 
[INFO] --- maven-compiler-plugin:3.1:testCompile (default-testCompile) @ CCCRestClient ---
[INFO] No sources to compile
[INFO] 
[INFO] --- maven-surefire-plugin:2.12.4:test (default-test) @ CCCRestClient ---
[INFO] No tests to run.
[INFO] 
[INFO] --- maven-jar-plugin:2.4:jar (default-jar) @ CCCRestClient ---
[INFO] Building jar: /Users/alpac/DEV/conch/CCCRestClient/target/CCCRestClient-1.jar
[INFO] 
[INFO] --- maven-assembly-plugin:2.4.1:single (default-cli) @ CCCRestClient ---
[INFO] Building jar: /Users/alpac/DEV/conch/CCCRestClient/target/CCCRestClient-1-jar-with-dependencies.jar
[INFO] ------------------------------------------------------------------------
[INFO] BUILD SUCCESS
[INFO] ------------------------------------------------------------------------
[INFO] Total time: 6.224 s
[INFO] Finished at: 2018-07-23T17:47:15+01:00
[INFO] ------------------------------------------------------------------------


folder: /Users/alpac/DEV/conch/CCCRestClient/dataseller-pmlExecSeq-xml/dataseller.pmlExecSeq3 

filename: event1.xml

BusinessEvent{sequenceId='null', originator='buyer', responder='store', type='BUYREQ', status='success'}
-------- Begin Request to CCC service ----------

BusinessEvent{sequenceId='null', originator='buyer', responder='store', type='BUYREQ', status='success'}


-------- End Request to CCC service ----------



-------- Begin Response from CCC service ----------

<?xml version="1.0" encoding="UTF-8" standalone="yes"?>
<result>
    <contractCompliant>true</contractCompliant>
</result>


-------- End Response from CCC service ----------



folder: /Users/alpac/DEV/conch/CCCRestClient/dataseller-pmlExecSeq-xml/dataseller.pmlExecSeq3 

filename: event2.xml

BusinessEvent{sequenceId='null', originator='store', responder='buyer', type='BUYCONF', status='success'}
-------- Begin Request to CCC service ----------

BusinessEvent{sequenceId='null', originator='store', responder='buyer', type='BUYCONF', status='success'}


-------- End Request to CCC service ----------



-------- Begin Response from CCC service ----------

<?xml version="1.0" encoding="UTF-8" standalone="yes"?>
<result>
    <contractCompliant>true</contractCompliant>
</result>


-------- End Response from CCC service ----------



folder: /Users/alpac/DEV/conch/CCCRestClient/dataseller-pmlExecSeq-xml/dataseller.pmlExecSeq3 

filename: event3.xml

BusinessEvent{sequenceId='null', originator='buyer', responder='store', type='BUYPAY', status='success'}
-------- Begin Request to CCC service ----------

BusinessEvent{sequenceId='null', originator='buyer', responder='store', type='BUYPAY', status='success'}


-------- End Request to CCC service ----------



-------- Begin Response from CCC service ----------

<?xml version="1.0" encoding="UTF-8" standalone="yes"?>
<result>
    <contractCompliant>true</contractCompliant>
</result>


-------- End Response from CCC service ----------



folder: /Users/alpac/DEV/conch/CCCRestClient/dataseller-pmlExecSeq-xml/dataseller.pmlExecSeq3 

filename: event4.xml

BusinessEvent{sequenceId='null', originator='buyer', responder='store', type='GETVOU', status='success'}
-------- Begin Request to CCC service ----------

BusinessEvent{sequenceId='null', originator='buyer', responder='store', type='GETVOU', status='success'}


-------- End Request to CCC service ----------



-------- Begin Response from CCC service ----------

<?xml version="1.0" encoding="UTF-8" standalone="yes"?>
<result>
    <contractCompliant>false</contractCompliant>
</result>


-------- End Response from CCC service ----------



folder: /Users/alpac/DEV/conch/CCCRestClient/dataseller-pmlExecSeq-xml/dataseller.pmlExecSeq3 

filename: event6.xml

BusinessEvent{sequenceId='null', originator='reset', responder='reset', type='reset', status='reset'}
-------- Begin Request to CCC service ----------

BusinessEvent{sequenceId='null', originator='reset', responder='reset', type='reset', status='reset'}


-------- End Request to CCC service ----------



-------- Begin Response from CCC service ----------

<?xml version="1.0" encoding="UTF-8" standalone="yes"?>
<result>
    <contractCompliant>true</contractCompliant>
</result>


-------- End Response from CCC service ----------

